#
# There is insufficient memory for the Java Runtime Environment to continue.
# Native memory allocation (malloc) failed to allocate 32744 bytes. Error detail: Chunk::new
# Possible reasons:
#   The system is out of physical RAM or swap space
#   This process is running with CompressedOops enabled, and the Java Heap may be blocking the growth of the native heap
# Possible solutions:
#   Reduce memory load on the system
#   Increase physical memory or swap space
#   Check if swap backing store is full
#   Decrease Java heap size (-Xmx/-Xms)
#   Decrease number of Java threads
#   Decrease Java thread stack sizes (-Xss)
#   Set larger code cache with -XX:ReservedCodeCacheSize=
#   JVM is running with Unscaled Compressed Oops mode in which the Java heap is
#     placed in the first 4GB address space. The Java Heap base address is the
#     maximum limit for the native heap growth. Please use -XX:HeapBaseMinAddress
#     to set the Java Heap base and to place the Java Heap above 4GB virtual address.
# This output file may be truncated or incomplete.
#
#  Out of Memory Error (arena.cpp:168), pid=9656, tid=1876
#
# JRE version: OpenJDK Runtime Environment Temurin-21.0.10+7 (21.0.10+7) (build 21.0.10+7-LTS)
# Java VM: OpenJDK 64-Bit Server VM Temurin-21.0.10+7 (21.0.10+7-LTS, mixed mode, sharing, tiered, compressed oops, compressed class ptrs, parallel gc, windows-amd64)
# No core dump will be written. Minidumps are not enabled by default on client versions of Windows
#

---------------  S U M M A R Y ------------

Command Line: --add-modules=ALL-SYSTEM --add-opens=java.base/java.util=ALL-UNNAMED --add-opens=java.base/java.lang=ALL-UNNAMED --add-opens=java.base/sun.nio.fs=ALL-UNNAMED -Declipse.application=org.eclipse.jdt.ls.core.id1 -Dosgi.bundles.defaultStartLevel=4 -Declipse.product=org.eclipse.jdt.ls.core.product -Djava.import.generatesMetadataFilesAtProjectRoot=false -DDetectVMInstallationsJob.disabled=true -Dfile.encoding=utf8 -XX:+UseParallelGC -XX:GCTimeRatio=4 -XX:AdaptiveSizePolicyWeight=90 -Dsun.zip.disableMemoryMapping=true -Xmx2G -Xms100m -Xlog:disable -javaagent:c:\Users\USER\.antigravity\extensions\redhat.java-1.54.0-win32-x64\lombok\lombok-1.18.39-4050.jar -XX:+HeapDumpOnOutOfMemoryError -XX:HeapDumpPath=c:\Users\USER\AppData\Roaming\Antigravity\User\workspaceStorage\d5053152a94c29e380174e00d330731b\redhat.java -Daether.dependencyCollector.impl=bf c:\Users\USER\.antigravity\extensions\redhat.java-1.54.0-win32-x64\server\plugins\org.eclipse.equinox.launcher_1.7.100.v20251111-0406.jar -configuration c:\Users\USER\AppData\Roaming\Antigravity\User\globalStorage\redhat.java\1.54.0\config_win -data c:\Users\USER\AppData\Roaming\Antigravity\User\workspaceStorage\d5053152a94c29e380174e00d330731b\redhat.java\jdt_ws --pipe=\\.\pipe\lsp-d65c33799e2af8cd8a1d6515b1357046-sock

Host: Intel(R) Core(TM) i7-5600U CPU @ 2.60GHz, 4 cores, 7G,  Windows 10 , 64 bit Build 19041 (10.0.19041.5915)
Time: Thu Apr 30 14:57:15 2026 South Africa Standard Time elapsed time: 68.845673 seconds (0d 0h 1m 8s)

---------------  T H R E A D  ---------------

Current thread (0x0000021d841a6b60):  JavaThread "C1 CompilerThread0" daemon [_thread_in_native, id=1876, stack(0x0000004796600000,0x0000004796700000) (1024K)]


Current CompileTask:
C1:68845 11338       3       org.eclipse.jdt.internal.compiler.parser.Parser::consumeRule (7843 bytes)

Stack: [0x0000004796600000,0x0000004796700000]
Native frames: (J=compiled Java code, j=interpreted, Vv=VM code, C=native code)
V  [jvm.dll+0x6d7a39]
V  [jvm.dll+0x8b4b26]
V  [jvm.dll+0x8b70de]
V  [jvm.dll+0x8b77c3]
V  [jvm.dll+0x284346]
V  [jvm.dll+0xc66ed]
V  [jvm.dll+0xc6c31]
V  [jvm.dll+0x15e73a]
V  [jvm.dll+0x15c096]
V  [jvm.dll+0x162f3e]
V  [jvm.dll+0x16145c]
V  [jvm.dll+0x169c0a]
V  [jvm.dll+0x1690e6]
V  [jvm.dll+0x160cb0]
V  [jvm.dll+0x162f4d]
V  [jvm.dll+0x16145c]
V  [jvm.dll+0x169c0a]
V  [jvm.dll+0x1690e6]
V  [jvm.dll+0x160cb0]
V  [jvm.dll+0x162f4d]
V  [jvm.dll+0x161556]
V  [jvm.dll+0x15b297]
V  [jvm.dll+0x16ad68]
V  [jvm.dll+0x156885]
V  [jvm.dll+0x156bd2]
V  [jvm.dll+0x156e84]
V  [jvm.dll+0x15629c]
V  [jvm.dll+0x15802d]
V  [jvm.dll+0x25b85d]
V  [jvm.dll+0x259dea]
V  [jvm.dll+0x3f857e]
V  [jvm.dll+0x85f59d]
V  [jvm.dll+0x6d626d]
C  [ucrtbase.dll+0x21bb2]
C  [KERNEL32.DLL+0x17374]
C  [ntdll.dll+0x4cc91]


---------------  P R O C E S S  ---------------

Threads class SMR info:
_java_thread_list=0x0000021d8d11d510, length=37, elements={
0x0000021d2a3d48f0, 0x0000021d8412b7e0, 0x0000021d8412c950, 0x0000021d8412d870,
0x0000021d8412e790, 0x0000021d841314c0, 0x0000021d84132f30, 0x0000021d84133d70,
0x0000021d841a6b60, 0x0000021d8915df90, 0x0000021d89258b80, 0x0000021d8999a5e0,
0x0000021d898cff90, 0x0000021d89712700, 0x0000021d8996f5b0, 0x0000021d899fa6c0,
0x0000021d8952bb30, 0x0000021d899abeb0, 0x0000021d89e95560, 0x0000021d89e97630,
0x0000021d89e96280, 0x0000021d89e96910, 0x0000021d89e95bf0, 0x0000021d89e96fa0,
0x0000021d89e94ed0, 0x0000021d89e941b0, 0x0000021d89e94840, 0x0000021d8bd46920,
0x0000021d8bd45570, 0x0000021d8bd44ee0, 0x0000021d8bd420f0, 0x0000021d8bd42e10,
0x0000021d8bd49080, 0x0000021d8bd48360, 0x0000021d8bd42780, 0x0000021d8bd46fb0,
0x0000021d8d120370
}

Java Threads: ( => current thread )
  0x0000021d2a3d48f0 JavaThread "main"                              [_thread_blocked, id=15812, stack(0x0000004795a00000,0x0000004795b00000) (1024K)]
  0x0000021d8412b7e0 JavaThread "Reference Handler"          daemon [_thread_blocked, id=16112, stack(0x0000004795f00000,0x0000004796000000) (1024K)]
  0x0000021d8412c950 JavaThread "Finalizer"                  daemon [_thread_blocked, id=8380, stack(0x0000004796000000,0x0000004796100000) (1024K)]
  0x0000021d8412d870 JavaThread "Signal Dispatcher"          daemon [_thread_blocked, id=14036, stack(0x0000004796100000,0x0000004796200000) (1024K)]
  0x0000021d8412e790 JavaThread "Attach Listener"            daemon [_thread_blocked, id=16024, stack(0x0000004796200000,0x0000004796300000) (1024K)]
  0x0000021d841314c0 JavaThread "Service Thread"             daemon [_thread_blocked, id=14724, stack(0x0000004796300000,0x0000004796400000) (1024K)]
  0x0000021d84132f30 JavaThread "Monitor Deflation Thread"   daemon [_thread_blocked, id=14648, stack(0x0000004796400000,0x0000004796500000) (1024K)]
  0x0000021d84133d70 JavaThread "C2 CompilerThread0"         daemon [_thread_in_native, id=15684, stack(0x0000004796500000,0x0000004796600000) (1024K)]
=>0x0000021d841a6b60 JavaThread "C1 CompilerThread0"         daemon [_thread_in_native, id=1876, stack(0x0000004796600000,0x0000004796700000) (1024K)]
  0x0000021d8915df90 JavaThread "Common-Cleaner"             daemon [_thread_blocked, id=15576, stack(0x0000004796700000,0x0000004796800000) (1024K)]
  0x0000021d89258b80 JavaThread "Notification Thread"        daemon [_thread_blocked, id=14984, stack(0x0000004796800000,0x0000004796900000) (1024K)]
  0x0000021d8999a5e0 JavaThread "Active Thread: Equinox Container: 22c92fc9-df3b-45fe-a1cf-60b4181c43ac"        [_thread_blocked, id=444, stack(0x0000004796c00000,0x0000004796d00000) (1024K)]
  0x0000021d898cff90 JavaThread "Refresh Thread: Equinox Container: 22c92fc9-df3b-45fe-a1cf-60b4181c43ac" daemon [_thread_blocked, id=1364, stack(0x0000004796d00000,0x0000004796e00000) (1024K)]
  0x0000021d89712700 JavaThread "Framework Event Dispatcher: Equinox Container: 22c92fc9-df3b-45fe-a1cf-60b4181c43ac" daemon [_thread_blocked, id=356, stack(0x0000004796e00000,0x0000004796f00000) (1024K)]
  0x0000021d8996f5b0 JavaThread "Start Level: Equinox Container: 22c92fc9-df3b-45fe-a1cf-60b4181c43ac" daemon [_thread_blocked, id=5664, stack(0x0000004796f00000,0x0000004797000000) (1024K)]
  0x0000021d899fa6c0 JavaThread "Bundle File Closer"         daemon [_thread_blocked, id=2544, stack(0x0000004797000000,0x0000004797100000) (1024K)]
  0x0000021d8952bb30 JavaThread "SCR Component Actor"        daemon [_thread_blocked, id=15480, stack(0x0000004797100000,0x0000004797200000) (1024K)]
  0x0000021d899abeb0 JavaThread "Worker-JM"                         [_thread_blocked, id=14656, stack(0x0000004797200000,0x0000004797300000) (1024K)]
  0x0000021d89e95560 JavaThread "JNA Cleaner"                daemon [_thread_blocked, id=5548, stack(0x0000004797300000,0x0000004797400000) (1024K)]
  0x0000021d89e97630 JavaThread "Worker-0"                          [_thread_blocked, id=14228, stack(0x0000004797400000,0x0000004797500000) (1024K)]
  0x0000021d89e96280 JavaThread "Worker-1: Validate documents"        [_thread_blocked, id=2384, stack(0x0000004797500000,0x0000004797600000) (1024K)]
  0x0000021d89e96910 JavaThread "Worker-2"                          [_thread_blocked, id=6856, stack(0x0000004797700000,0x0000004797800000) (1024K)]
  0x0000021d89e95bf0 JavaThread "Java indexing"              daemon [_thread_blocked, id=2880, stack(0x0000004797800000,0x0000004797900000) (1024K)]
  0x0000021d89e96fa0 JavaThread "Worker-3: Initialize workspace"        [_thread_blocked, id=14288, stack(0x0000004797b00000,0x0000004797c00000) (1024K)]
  0x0000021d89e94ed0 JavaThread "Worker-4"                          [_thread_blocked, id=11148, stack(0x0000004797c00000,0x0000004797d00000) (1024K)]
  0x0000021d89e941b0 JavaThread "Thread-1"                   daemon [_thread_in_native, id=15560, stack(0x0000004797d00000,0x0000004797e00000) (1024K)]
  0x0000021d89e94840 JavaThread "Thread-2"                   daemon [_thread_in_native, id=13840, stack(0x0000004797e00000,0x0000004797f00000) (1024K)]
  0x0000021d8bd46920 JavaThread "Thread-3"                   daemon [_thread_in_native, id=11480, stack(0x0000004797f00000,0x0000004798000000) (1024K)]
  0x0000021d8bd45570 JavaThread "Thread-4"                   daemon [_thread_in_native, id=16328, stack(0x0000004798000000,0x0000004798100000) (1024K)]
  0x0000021d8bd44ee0 JavaThread "Thread-5"                   daemon [_thread_in_vm, id=16236, stack(0x0000004798100000,0x0000004798200000) (1024K)] _threads_hazard_ptr=0x0000021d8d11d510
  0x0000021d8bd420f0 JavaThread "pool-2-thread-1"                   [_thread_blocked, id=10440, stack(0x0000004798200000,0x0000004798300000) (1024K)]
  0x0000021d8bd42e10 JavaThread "WorkspaceEventsHandler"            [_thread_blocked, id=1268, stack(0x0000004798300000,0x0000004798400000) (1024K)]
  0x0000021d8bd49080 JavaThread "pool-1-thread-1"                   [_thread_blocked, id=4428, stack(0x0000004798400000,0x0000004798500000) (1024K)]
  0x0000021d8bd48360 JavaThread "ForkJoinPool.commonPool-worker-1" daemon [_thread_blocked, id=9896, stack(0x0000004798500000,0x0000004798600000) (1024K)]
  0x0000021d8bd42780 JavaThread "ForkJoinPool.commonPool-worker-2" daemon [_thread_blocked, id=1488, stack(0x0000004798600000,0x0000004798700000) (1024K)]
  0x0000021d8bd46fb0 JavaThread "ForkJoinPool.commonPool-worker-3" daemon [_thread_blocked, id=9804, stack(0x0000004798700000,0x0000004798800000) (1024K)]
  0x0000021d8d120370 JavaThread "C2 CompilerThread1"         daemon [_thread_in_native, id=16356, stack(0x0000004795900000,0x0000004795a00000) (1024K)]
Total: 37

Other Threads:
  0x0000021d841103b0 VMThread "VM Thread"                           [id=15700, stack(0x0000004795e00000,0x0000004795f00000) (1024K)]
  0x0000021d84081920 WatcherThread "VM Periodic Task Thread"        [id=5852, stack(0x0000004795d00000,0x0000004795e00000) (1024K)]
  0x0000021d2c5eeb80 WorkerThread "GC Thread#0"                     [id=16188, stack(0x0000004795c00000,0x0000004795d00000) (1024K)]
  0x0000021d89633440 WorkerThread "GC Thread#1"                     [id=8904, stack(0x0000004796900000,0x0000004796a00000) (1024K)]
  0x0000021d89746b80 WorkerThread "GC Thread#2"                     [id=11472, stack(0x0000004796a00000,0x0000004796b00000) (1024K)]
  0x0000021d89746f30 WorkerThread "GC Thread#3"                     [id=2144, stack(0x0000004796b00000,0x0000004796c00000) (1024K)]
Total: 6

Threads with active compile tasks:
C2 CompilerThread0  68902 11190   !   4       lombok.core.FieldAugment$ReflectionFieldAugment::getAndSet (80 bytes)
C1 CompilerThread0  68902 11338       3       org.eclipse.jdt.internal.compiler.parser.Parser::consumeRule (7843 bytes)
C2 CompilerThread1  68902 11205       4       lombok.eclipse.handlers.EclipseHandlerUtil::setGeneratedBy (10 bytes)
Total: 3

VM state: not at safepoint (normal execution)

VM Mutex/Monitor currently owned by a thread: None

Heap address: 0x0000000080000000, size: 2048 MB, Compressed Oops mode: 32-bit

CDS archive(s) mapped at: [0x0000021d43000000-0x0000021d43ba0000-0x0000021d43ba0000), size 12189696, SharedBaseAddress: 0x0000021d43000000, ArchiveRelocationMode: 1.
Compressed class space mapped at: 0x0000021d44000000-0x0000021d84000000, reserved size: 1073741824
Narrow klass base: 0x0000021d43000000, Narrow klass shift: 0, Narrow klass range: 0x100000000

GC Precious Log:
 CardTable entry size: 512
 CPUs: 4 total, 4 available
 Memory: 8067M
 Large Page Support: Disabled
 NUMA Support: Disabled
 Compressed Oops: Enabled (32-bit)
 Alignments: Space 512K, Generation 512K, Heap 2M
 Heap Min Capacity: 100M
 Heap Initial Capacity: 100M
 Heap Max Capacity: 2G
 Pre-touch: Disabled
 Parallel Workers: 4

Heap:
 PSYoungGen      total 12800K, used 8333K [0x00000000d5580000, 0x00000000d6400000, 0x0000000100000000)
  eden space 12288K, 63% used [0x00000000d5580000,0x00000000d5d2b3f0,0x00000000d6180000)
  from space 512K, 93% used [0x00000000d6300000,0x00000000d6378020,0x00000000d6380000)
  to   space 512K, 0% used [0x00000000d6380000,0x00000000d6380000,0x00000000d6400000)
 ParOldGen       total 71168K, used 52697K [0x0000000080000000, 0x0000000084580000, 0x00000000d5580000)
  object space 71168K, 74% used [0x0000000080000000,0x0000000083376640,0x0000000084580000)
 Metaspace       used 60902K, committed 62464K, reserved 1114112K
  class space    used 6434K, committed 7168K, reserved 1048576K

Card table byte_map: [0x0000021d2bf90000,0x0000021d2c3a0000] _byte_map_base: 0x0000021d2bb90000

Marking Bits: (ParMarkBitMap*) 0x00007ffaac5b3450
 Begin Bits: [0x0000021d3ea90000, 0x0000021d40a90000)
 End Bits:   [0x0000021d40a90000, 0x0000021d42a90000)

Polling page: 0x0000021d2a5d0000

Metaspace:

Usage:
  Non-class:     53.19 MB used.
      Class:      6.28 MB used.
       Both:     59.47 MB used.

Virtual space:
  Non-class space:       64.00 MB reserved,      54.00 MB ( 84%) committed,  1 nodes.
      Class space:        1.00 GB reserved,       7.00 MB ( <1%) committed,  1 nodes.
             Both:        1.06 GB reserved,      61.00 MB (  6%) committed. 

Chunk freelists:
   Non-Class:  9.99 MB
       Class:  8.87 MB
        Both:  18.86 MB

MaxMetaspaceSize: unlimited
CompressedClassSpaceSize: 1.00 GB
Initial GC threshold: 21.00 MB
Current GC threshold: 97.31 MB
CDS: on
 - commit_granule_bytes: 65536.
 - commit_granule_words: 8192.
 - virtual_space_node_default_size: 8388608.
 - enlarge_chunks_in_place: 1.
 - use_allocation_guard: 0.


Internal statistics:

num_allocs_failed_limit: 9.
num_arena_births: 1230.
num_arena_deaths: 16.
num_vsnodes_births: 2.
num_vsnodes_deaths: 0.
num_space_committed: 976.
num_space_uncommitted: 0.
num_chunks_returned_to_freelist: 26.
num_chunks_taken_from_freelist: 4100.
num_chunk_merges: 12.
num_chunk_splits: 2527.
num_chunks_enlarged: 1435.
num_inconsistent_stats: 0.

CodeHeap 'non-profiled nmethods': size=120000Kb used=7493Kb max_used=7493Kb free=112507Kb
 bounds [0x0000021d372b0000, 0x0000021d37a10000, 0x0000021d3e7e0000]
CodeHeap 'profiled nmethods': size=120000Kb used=24196Kb max_used=24196Kb free=95803Kb
 bounds [0x0000021d2f7e0000, 0x0000021d30f90000, 0x0000021d36d10000]
CodeHeap 'non-nmethods': size=5760Kb used=1404Kb max_used=1478Kb free=4355Kb
 bounds [0x0000021d36d10000, 0x0000021d36f80000, 0x0000021d372b0000]
CodeCache: size=245760Kb, used=33093Kb, max_used=33167Kb, free=212665Kb
 total_blobs=11283, nmethods=10568, adapters=621, full_count=0
Compilation: enabled, stopped_count=0, restarted_count=0

Compilation events (20 events):
Event: 68.399 Thread 0x0000021d841a6b60 nmethod 11325 0x0000021d37a01110 code [0x0000021d37a012a0, 0x0000021d37a01368]
Event: 68.816 Thread 0x0000021d841a6b60 11328   !   2       org.eclipse.core.internal.registry.ConfigurationElementHandle::createExecutableExtension (58 bytes)
Event: 68.817 Thread 0x0000021d841a6b60 nmethod 11328 0x0000021d30f79f90 code [0x0000021d30f7a1a0, 0x0000021d30f7a710]
Event: 68.819 Thread 0x0000021d841a6b60 11329       2       org.eclipse.core.internal.resources.Filter::appliesTo (36 bytes)
Event: 68.819 Thread 0x0000021d841a6b60 nmethod 11329 0x0000021d30f7ab10 code [0x0000021d30f7acc0, 0x0000021d30f7af00]
Event: 68.819 Thread 0x0000021d841a6b60 11330   !   2       org.eclipse.core.internal.resources.Filter::match (152 bytes)
Event: 68.821 Thread 0x0000021d841a6b60 nmethod 11330 0x0000021d30f7b090 code [0x0000021d30f7b3e0, 0x0000021d30f7c018]
Event: 68.821 Thread 0x0000021d841a6b60 11331       2       org.eclipse.core.filesystem.provider.FileInfo::clear (13 bytes)
Event: 68.821 Thread 0x0000021d841a6b60 nmethod 11331 0x0000021d30f7cb10 code [0x0000021d30f7cca0, 0x0000021d30f7cdb0]
Event: 68.822 Thread 0x0000021d841a6b60 11332       2       org.eclipse.core.internal.resources.Container::getFolder (22 bytes)
Event: 68.822 Thread 0x0000021d841a6b60 nmethod 11332 0x0000021d30f7ce90 code [0x0000021d30f7d060, 0x0000021d30f7d268]
Event: 68.828 Thread 0x0000021d841a6b60 11333       2       org.eclipse.core.internal.resources.Resource::checkLocal (38 bytes)
Event: 68.828 Thread 0x0000021d841a6b60 nmethod 11333 0x0000021d30f7d410 code [0x0000021d30f7d600, 0x0000021d30f7d8e0]
Event: 68.829 Thread 0x0000021d841a6b60 11335       2       org.eclipse.jdt.internal.compiler.SourceElementParser::checkComment (723 bytes)
Event: 68.832 Thread 0x0000021d841a6b60 nmethod 11335 0x0000021d30f7da90 code [0x0000021d30f7de40, 0x0000021d30f7f1d8]
Event: 68.832 Thread 0x0000021d841a6b60 11336       2       org.eclipse.jdt.internal.compiler.parser.Parser::automatonWillShift (147 bytes)
Event: 68.833 Thread 0x0000021d841a6b60 nmethod 11336 0x0000021d30f80210 code [0x0000021d30f80400, 0x0000021d30f80890]
Event: 68.834 Thread 0x0000021d841a6b60 11337       2       org.eclipse.jdt.internal.compiler.SourceElementParser::consumeMethodInvocationName (61 bytes)
Event: 68.834 Thread 0x0000021d841a6b60 nmethod 11337 0x0000021d30f80c90 code [0x0000021d30f80e60, 0x0000021d30f81088]
Event: 68.834 Thread 0x0000021d841a6b60 11338       3       org.eclipse.jdt.internal.compiler.parser.Parser::consumeRule (7843 bytes)

GC Heap History (20 events):
Event: 58.707 GC heap before
{Heap before GC invocations=79 (full 2):
 PSYoungGen      total 12800K, used 12728K [0x00000000d5580000, 0x00000000d6380000, 0x0000000100000000)
  eden space 12288K, 100% used [0x00000000d5580000,0x00000000d6180000,0x00000000d6180000)
  from space 512K, 86% used [0x00000000d6300000,0x00000000d636e2e8,0x00000000d6380000)
  to   space 1024K, 0% used [0x00000000d6180000,0x00000000d6180000,0x00000000d6280000)
 ParOldGen       total 68608K, used 68194K [0x0000000080000000, 0x0000000084300000, 0x00000000d5580000)
  object space 68608K, 99% used [0x0000000080000000,0x0000000084298aa0,0x0000000084300000)
 Metaspace       used 56286K, committed 57728K, reserved 1114112K
  class space    used 5994K, committed 6656K, reserved 1048576K
}
Event: 58.709 GC heap after
{Heap after GC invocations=79 (full 2):
 PSYoungGen      total 13312K, used 344K [0x00000000d5580000, 0x00000000d6380000, 0x0000000100000000)
  eden space 12288K, 0% used [0x00000000d5580000,0x00000000d5580000,0x00000000d6180000)
  from space 1024K, 33% used [0x00000000d6180000,0x00000000d61d6280,0x00000000d6280000)
  to   space 512K, 0% used [0x00000000d6300000,0x00000000d6300000,0x00000000d6380000)
 ParOldGen       total 68608K, used 68541K [0x0000000080000000, 0x0000000084300000, 0x00000000d5580000)
  object space 68608K, 99% used [0x0000000080000000,0x00000000842ef650,0x0000000084300000)
 Metaspace       used 56286K, committed 57728K, reserved 1114112K
  class space    used 5994K, committed 6656K, reserved 1048576K
}
Event: 59.434 GC heap before
{Heap before GC invocations=80 (full 2):
 PSYoungGen      total 13312K, used 12632K [0x00000000d5580000, 0x00000000d6380000, 0x0000000100000000)
  eden space 12288K, 100% used [0x00000000d5580000,0x00000000d6180000,0x00000000d6180000)
  from space 1024K, 33% used [0x00000000d6180000,0x00000000d61d6280,0x00000000d6280000)
  to   space 512K, 0% used [0x00000000d6300000,0x00000000d6300000,0x00000000d6380000)
 ParOldGen       total 68608K, used 68541K [0x0000000080000000, 0x0000000084300000, 0x00000000d5580000)
  object space 68608K, 99% used [0x0000000080000000,0x00000000842ef650,0x0000000084300000)
 Metaspace       used 56931K, committed 58368K, reserved 1114112K
  class space    used 6063K, committed 6720K, reserved 1048576K
}
Event: 59.435 GC heap after
{Heap after GC invocations=80 (full 2):
 PSYoungGen      total 12800K, used 224K [0x00000000d5580000, 0x00000000d6380000, 0x0000000100000000)
  eden space 12288K, 0% used [0x00000000d5580000,0x00000000d5580000,0x00000000d6180000)
  from space 512K, 43% used [0x00000000d6300000,0x00000000d6338000,0x00000000d6380000)
  to   space 512K, 0% used [0x00000000d6280000,0x00000000d6280000,0x00000000d6300000)
 ParOldGen       total 69120K, used 68693K [0x0000000080000000, 0x0000000084380000, 0x00000000d5580000)
  object space 69120K, 99% used [0x0000000080000000,0x0000000084315650,0x0000000084380000)
 Metaspace       used 56931K, committed 58368K, reserved 1114112K
  class space    used 6063K, committed 6720K, reserved 1048576K
}
Event: 61.733 GC heap before
{Heap before GC invocations=81 (full 2):
 PSYoungGen      total 12800K, used 12512K [0x00000000d5580000, 0x00000000d6380000, 0x0000000100000000)
  eden space 12288K, 100% used [0x00000000d5580000,0x00000000d6180000,0x00000000d6180000)
  from space 512K, 43% used [0x00000000d6300000,0x00000000d6338000,0x00000000d6380000)
  to   space 512K, 0% used [0x00000000d6280000,0x00000000d6280000,0x00000000d6300000)
 ParOldGen       total 69120K, used 68693K [0x0000000080000000, 0x0000000084380000, 0x00000000d5580000)
  object space 69120K, 99% used [0x0000000080000000,0x0000000084315650,0x0000000084380000)
 Metaspace       used 58012K, committed 59392K, reserved 1114112K
  class space    used 6174K, committed 6848K, reserved 1048576K
}
Event: 61.735 GC heap after
{Heap after GC invocations=81 (full 2):
 PSYoungGen      total 12800K, used 491K [0x00000000d5580000, 0x00000000d6680000, 0x0000000100000000)
  eden space 12288K, 0% used [0x00000000d5580000,0x00000000d5580000,0x00000000d6180000)
  from space 512K, 96% used [0x00000000d6280000,0x00000000d62fae38,0x00000000d6300000)
  to   space 2560K, 0% used [0x00000000d6400000,0x00000000d6400000,0x00000000d6680000)
 ParOldGen       total 70656K, used 70206K [0x0000000080000000, 0x0000000084500000, 0x00000000d5580000)
  object space 70656K, 99% used [0x0000000080000000,0x000000008448f910,0x0000000084500000)
 Metaspace       used 58012K, committed 59392K, reserved 1114112K
  class space    used 6174K, committed 6848K, reserved 1048576K
}
Event: 61.873 GC heap before
{Heap before GC invocations=82 (full 2):
 PSYoungGen      total 12800K, used 12614K [0x00000000d5580000, 0x00000000d6680000, 0x0000000100000000)
  eden space 12288K, 98% used [0x00000000d5580000,0x00000000d6156c78,0x00000000d6180000)
  from space 512K, 96% used [0x00000000d6280000,0x00000000d62fae38,0x00000000d6300000)
  to   space 2560K, 0% used [0x00000000d6400000,0x00000000d6400000,0x00000000d6680000)
 ParOldGen       total 70656K, used 70206K [0x0000000080000000, 0x0000000084500000, 0x00000000d5580000)
  object space 70656K, 99% used [0x0000000080000000,0x000000008448f910,0x0000000084500000)
 Metaspace       used 58030K, committed 59456K, reserved 1114112K
  class space    used 6174K, committed 6848K, reserved 1048576K
}
Event: 61.876 GC heap after
{Heap after GC invocations=82 (full 2):
 PSYoungGen      total 13312K, used 997K [0x00000000d5580000, 0x00000000d6500000, 0x0000000100000000)
  eden space 12288K, 0% used [0x00000000d5580000,0x00000000d5580000,0x00000000d6180000)
  from space 1024K, 97% used [0x00000000d6400000,0x00000000d64f96f0,0x00000000d6500000)
  to   space 1536K, 0% used [0x00000000d6200000,0x00000000d6200000,0x00000000d6380000)
 ParOldGen       total 70656K, used 70629K [0x0000000080000000, 0x0000000084500000, 0x00000000d5580000)
  object space 70656K, 99% used [0x0000000080000000,0x00000000844f9438,0x0000000084500000)
 Metaspace       used 58030K, committed 59456K, reserved 1114112K
  class space    used 6174K, committed 6848K, reserved 1048576K
}
Event: 62.085 GC heap before
{Heap before GC invocations=83 (full 2):
 PSYoungGen      total 13312K, used 13285K [0x00000000d5580000, 0x00000000d6500000, 0x0000000100000000)
  eden space 12288K, 100% used [0x00000000d5580000,0x00000000d6180000,0x00000000d6180000)
  from space 1024K, 97% used [0x00000000d6400000,0x00000000d64f96f0,0x00000000d6500000)
  to   space 1536K, 0% used [0x00000000d6200000,0x00000000d6200000,0x00000000d6380000)
 ParOldGen       total 70656K, used 70629K [0x0000000080000000, 0x0000000084500000, 0x00000000d5580000)
  object space 70656K, 99% used [0x0000000080000000,0x00000000844f9438,0x0000000084500000)
 Metaspace       used 58036K, committed 59456K, reserved 1114112K
  class space    used 6174K, committed 6848K, reserved 1048576K
}
Event: 62.087 GC heap after
{Heap after GC invocations=83 (full 2):
 PSYoungGen      total 13824K, used 585K [0x00000000d5580000, 0x00000000d6480000, 0x0000000100000000)
  eden space 12288K, 0% used [0x00000000d5580000,0x00000000d5580000,0x00000000d6180000)
  from space 1536K, 38% used [0x00000000d6200000,0x00000000d6292730,0x00000000d6380000)
  to   space 1024K, 0% used [0x00000000d6380000,0x00000000d6380000,0x00000000d6480000)
 ParOldGen       total 71168K, used 70822K [0x0000000080000000, 0x0000000084580000, 0x00000000d5580000)
  object space 71168K, 99% used [0x0000000080000000,0x0000000084529a48,0x0000000084580000)
 Metaspace       used 58036K, committed 59456K, reserved 1114112K
  class space    used 6174K, committed 6848K, reserved 1048576K
}
Event: 63.087 GC heap before
{Heap before GC invocations=84 (full 2):
 PSYoungGen      total 13824K, used 9097K [0x00000000d5580000, 0x00000000d6480000, 0x0000000100000000)
  eden space 12288K, 69% used [0x00000000d5580000,0x00000000d5dcfea8,0x00000000d6180000)
  from space 1536K, 38% used [0x00000000d6200000,0x00000000d6292730,0x00000000d6380000)
  to   space 1024K, 0% used [0x00000000d6380000,0x00000000d6380000,0x00000000d6480000)
 ParOldGen       total 71168K, used 70822K [0x0000000080000000, 0x0000000084580000, 0x00000000d5580000)
  object space 71168K, 99% used [0x0000000080000000,0x0000000084529a48,0x0000000084580000)
 Metaspace       used 58423K, committed 59776K, reserved 1114112K
  class space    used 6199K, committed 6848K, reserved 1048576K
}
Event: 63.088 GC heap after
{Heap after GC invocations=84 (full 2):
 PSYoungGen      total 12800K, used 128K [0x00000000d5580000, 0x00000000d6400000, 0x0000000100000000)
  eden space 12288K, 0% used [0x00000000d5580000,0x00000000d5580000,0x00000000d6180000)
  from space 512K, 25% used [0x00000000d6380000,0x00000000d63a0000,0x00000000d6400000)
  to   space 512K, 0% used [0x00000000d6300000,0x00000000d6300000,0x00000000d6380000)
 ParOldGen       total 71168K, used 70830K [0x0000000080000000, 0x0000000084580000, 0x00000000d5580000)
  object space 71168K, 99% used [0x0000000080000000,0x000000008452ba48,0x0000000084580000)
 Metaspace       used 58423K, committed 59776K, reserved 1114112K
  class space    used 6199K, committed 6848K, reserved 1048576K
}
Event: 63.088 GC heap before
{Heap before GC invocations=85 (full 3):
 PSYoungGen      total 12800K, used 128K [0x00000000d5580000, 0x00000000d6400000, 0x0000000100000000)
  eden space 12288K, 0% used [0x00000000d5580000,0x00000000d5580000,0x00000000d6180000)
  from space 512K, 25% used [0x00000000d6380000,0x00000000d63a0000,0x00000000d6400000)
  to   space 512K, 0% used [0x00000000d6300000,0x00000000d6300000,0x00000000d6380000)
 ParOldGen       total 71168K, used 70830K [0x0000000080000000, 0x0000000084580000, 0x00000000d5580000)
  object space 71168K, 99% used [0x0000000080000000,0x000000008452ba48,0x0000000084580000)
 Metaspace       used 58423K, committed 59776K, reserved 1114112K
  class space    used 6199K, committed 6848K, reserved 1048576K
}
Event: 63.416 GC heap after
{Heap after GC invocations=85 (full 3):
 PSYoungGen      total 12800K, used 0K [0x00000000d5580000, 0x00000000d6400000, 0x0000000100000000)
  eden space 12288K, 0% used [0x00000000d5580000,0x00000000d5580000,0x00000000d6180000)
  from space 512K, 0% used [0x00000000d6380000,0x00000000d6380000,0x00000000d6400000)
  to   space 512K, 0% used [0x00000000d6300000,0x00000000d6300000,0x00000000d6380000)
 ParOldGen       total 71168K, used 52037K [0x0000000080000000, 0x0000000084580000, 0x00000000d5580000)
  object space 71168K, 73% used [0x0000000080000000,0x00000000832d1458,0x0000000084580000)
 Metaspace       used 58421K, committed 59776K, reserved 1114112K
  class space    used 6198K, committed 6848K, reserved 1048576K
}
Event: 64.582 GC heap before
{Heap before GC invocations=86 (full 3):
 PSYoungGen      total 12800K, used 12288K [0x00000000d5580000, 0x00000000d6400000, 0x0000000100000000)
  eden space 12288K, 100% used [0x00000000d5580000,0x00000000d6180000,0x00000000d6180000)
  from space 512K, 0% used [0x00000000d6380000,0x00000000d6380000,0x00000000d6400000)
  to   space 512K, 0% used [0x00000000d6300000,0x00000000d6300000,0x00000000d6380000)
 ParOldGen       total 71168K, used 52037K [0x0000000080000000, 0x0000000084580000, 0x00000000d5580000)
  object space 71168K, 73% used [0x0000000080000000,0x00000000832d1458,0x0000000084580000)
 Metaspace       used 59841K, committed 61312K, reserved 1114112K
  class space    used 6352K, committed 7040K, reserved 1048576K
}
Event: 64.583 GC heap after
{Heap after GC invocations=86 (full 3):
 PSYoungGen      total 12800K, used 480K [0x00000000d5580000, 0x00000000d6400000, 0x0000000100000000)
  eden space 12288K, 0% used [0x00000000d5580000,0x00000000d5580000,0x00000000d6180000)
  from space 512K, 93% used [0x00000000d6300000,0x00000000d6378020,0x00000000d6380000)
  to   space 512K, 0% used [0x00000000d6380000,0x00000000d6380000,0x00000000d6400000)
 ParOldGen       total 71168K, used 52042K [0x0000000080000000, 0x0000000084580000, 0x00000000d5580000)
  object space 71168K, 73% used [0x0000000080000000,0x00000000832d2b08,0x0000000084580000)
 Metaspace       used 59841K, committed 61312K, reserved 1114112K
  class space    used 6352K, committed 7040K, reserved 1048576K
}
Event: 65.870 GC heap before
{Heap before GC invocations=87 (full 3):
 PSYoungGen      total 12800K, used 12768K [0x00000000d5580000, 0x00000000d6400000, 0x0000000100000000)
  eden space 12288K, 100% used [0x00000000d5580000,0x00000000d6180000,0x00000000d6180000)
  from space 512K, 93% used [0x00000000d6300000,0x00000000d6378020,0x00000000d6380000)
  to   space 512K, 0% used [0x00000000d6380000,0x00000000d6380000,0x00000000d6400000)
 ParOldGen       total 71168K, used 52042K [0x0000000080000000, 0x0000000084580000, 0x00000000d5580000)
  object space 71168K, 73% used [0x0000000080000000,0x00000000832d2b08,0x0000000084580000)
 Metaspace       used 60546K, committed 62016K, reserved 1114112K
  class space    used 6416K, committed 7104K, reserved 1048576K
}
Event: 65.873 GC heap after
{Heap after GC invocations=87 (full 3):
 PSYoungGen      total 12800K, used 480K [0x00000000d5580000, 0x00000000d6400000, 0x0000000100000000)
  eden space 12288K, 0% used [0x00000000d5580000,0x00000000d5580000,0x00000000d6180000)
  from space 512K, 93% used [0x00000000d6380000,0x00000000d63f8000,0x00000000d6400000)
  to   space 512K, 0% used [0x00000000d6300000,0x00000000d6300000,0x00000000d6380000)
 ParOldGen       total 71168K, used 52426K [0x0000000080000000, 0x0000000084580000, 0x00000000d5580000)
  object space 71168K, 73% used [0x0000000080000000,0x0000000083332b48,0x0000000084580000)
 Metaspace       used 60546K, committed 62016K, reserved 1114112K
  class space    used 6416K, committed 7104K, reserved 1048576K
}
Event: 67.334 GC heap before
{Heap before GC invocations=88 (full 3):
 PSYoungGen      total 12800K, used 12768K [0x00000000d5580000, 0x00000000d6400000, 0x0000000100000000)
  eden space 12288K, 100% used [0x00000000d5580000,0x00000000d6180000,0x00000000d6180000)
  from space 512K, 93% used [0x00000000d6380000,0x00000000d63f8000,0x00000000d6400000)
  to   space 512K, 0% used [0x00000000d6300000,0x00000000d6300000,0x00000000d6380000)
 ParOldGen       total 71168K, used 52426K [0x0000000080000000, 0x0000000084580000, 0x00000000d5580000)
  object space 71168K, 73% used [0x0000000080000000,0x0000000083332b48,0x0000000084580000)
 Metaspace       used 60754K, committed 62208K, reserved 1114112K
  class space    used 6430K, committed 7104K, reserved 1048576K
}
Event: 67.337 GC heap after
{Heap after GC invocations=88 (full 3):
 PSYoungGen      total 12800K, used 480K [0x00000000d5580000, 0x00000000d6400000, 0x0000000100000000)
  eden space 12288K, 0% used [0x00000000d5580000,0x00000000d5580000,0x00000000d6180000)
  from space 512K, 93% used [0x00000000d6300000,0x00000000d6378020,0x00000000d6380000)
  to   space 512K, 0% used [0x00000000d6380000,0x00000000d6380000,0x00000000d6400000)
 ParOldGen       total 71168K, used 52697K [0x0000000080000000, 0x0000000084580000, 0x00000000d5580000)
  object space 71168K, 74% used [0x0000000080000000,0x0000000083376640,0x0000000084580000)
 Metaspace       used 60754K, committed 62208K, reserved 1114112K
  class space    used 6430K, committed 7104K, reserved 1048576K
}

Dll operation events (10 events):
Event: 0.011 Loaded shared library c:\Users\USER\.antigravity\extensions\redhat.java-1.54.0-win32-x64\jre\21.0.10-win32-x86_64\bin\java.dll
Event: 0.808 Loaded shared library c:\Users\USER\.antigravity\extensions\redhat.java-1.54.0-win32-x64\jre\21.0.10-win32-x86_64\bin\zip.dll
Event: 0.996 Loaded shared library C:\Users\USER\.antigravity\extensions\redhat.java-1.54.0-win32-x64\jre\21.0.10-win32-x86_64\bin\instrument.dll
Event: 1.014 Loaded shared library C:\Users\USER\.antigravity\extensions\redhat.java-1.54.0-win32-x64\jre\21.0.10-win32-x86_64\bin\net.dll
Event: 1.019 Loaded shared library C:\Users\USER\.antigravity\extensions\redhat.java-1.54.0-win32-x64\jre\21.0.10-win32-x86_64\bin\nio.dll
Event: 1.024 Loaded shared library C:\Users\USER\.antigravity\extensions\redhat.java-1.54.0-win32-x64\jre\21.0.10-win32-x86_64\bin\zip.dll
Event: 1.073 Loaded shared library C:\Users\USER\.antigravity\extensions\redhat.java-1.54.0-win32-x64\jre\21.0.10-win32-x86_64\bin\jimage.dll
Event: 1.342 Loaded shared library c:\Users\USER\.antigravity\extensions\redhat.java-1.54.0-win32-x64\jre\21.0.10-win32-x86_64\bin\verify.dll
Event: 11.574 Loaded shared library C:\Users\USER\AppData\Roaming\Antigravity\User\globalStorage\redhat.java\1.54.0\config_win\org.eclipse.equinox.launcher\org.eclipse.equinox.launcher.win32.win32.x86_64_1.3.0.v20260203-2149\eclipse_11919.dll
Event: 22.721 Loaded shared library C:\Users\USER\AppData\Local\Temp\jna-2614219\jna7012464159243149797.dll

Deoptimization events (20 events):
Event: 67.093 Thread 0x0000021d8bd49080 Uncommon trap: trap_request=0xffffff45 fr.pc=0x0000021d379e07e0 relative=0x0000000000000260
Event: 67.093 Thread 0x0000021d8bd49080 Uncommon trap: reason=unstable_if action=reinterpret pc=0x0000021d379e07e0 method=java.util.regex.Pattern$Caret.match(Ljava/util/regex/Matcher;ILjava/lang/CharSequence;)Z @ 31 c2
Event: 67.093 Thread 0x0000021d8bd49080 DEOPT PACKING pc=0x0000021d379e07e0 sp=0x00000047984fce00
Event: 67.093 Thread 0x0000021d8bd49080 DEOPT UNPACKING pc=0x0000021d36d63aa2 sp=0x00000047984fcd80 mode 2
Event: 67.107 Thread 0x0000021d8bd49080 Uncommon trap: trap_request=0xffffffde fr.pc=0x0000021d379c8010 relative=0x0000000000000d10
Event: 67.107 Thread 0x0000021d8bd49080 Uncommon trap: reason=class_check action=maybe_recompile pc=0x0000021d379c8010 method=lombok.eclipse.EclipseNode.traverse(Llombok/eclipse/EclipseASTVisitor;)V @ 509 c2
Event: 67.107 Thread 0x0000021d8bd49080 DEOPT PACKING pc=0x0000021d379c8010 sp=0x00000047984fd840
Event: 67.109 Thread 0x0000021d8bd49080 DEOPT UNPACKING pc=0x0000021d36d63aa2 sp=0x00000047984fd7d0 mode 2
Event: 67.109 Thread 0x0000021d8bd49080 Uncommon trap: trap_request=0xffffffde fr.pc=0x0000021d379c8010 relative=0x0000000000000d10
Event: 67.109 Thread 0x0000021d8bd49080 Uncommon trap: reason=class_check action=maybe_recompile pc=0x0000021d379c8010 method=lombok.eclipse.EclipseNode.traverse(Llombok/eclipse/EclipseASTVisitor;)V @ 509 c2
Event: 67.109 Thread 0x0000021d8bd49080 DEOPT PACKING pc=0x0000021d379c8010 sp=0x00000047984fd840
Event: 67.109 Thread 0x0000021d8bd49080 DEOPT UNPACKING pc=0x0000021d36d63aa2 sp=0x00000047984fd7d0 mode 2
Event: 68.832 Thread 0x0000021d8bd49080 Uncommon trap: trap_request=0xffffff45 fr.pc=0x0000021d379eab60 relative=0x00000000000028c0
Event: 68.832 Thread 0x0000021d8bd49080 Uncommon trap: reason=unstable_if action=reinterpret pc=0x0000021d379eab60 method=org.eclipse.jdt.internal.compiler.parser.Parser.consumeRule(I)V @ 1 c2
Event: 68.832 Thread 0x0000021d8bd49080 DEOPT PACKING pc=0x0000021d379eab60 sp=0x00000047984fe050
Event: 68.832 Thread 0x0000021d8bd49080 DEOPT UNPACKING pc=0x0000021d36d63aa2 sp=0x00000047984fdff0 mode 2
Event: 68.838 Thread 0x0000021d8bd49080 Uncommon trap: trap_request=0xffffff45 fr.pc=0x0000021d379f63f0 relative=0x0000000000001710
Event: 68.838 Thread 0x0000021d8bd49080 Uncommon trap: reason=unstable_if action=reinterpret pc=0x0000021d379f63f0 method=org.eclipse.jdt.internal.compiler.parser.Parser.consumeToken(Lorg/eclipse/jdt/internal/compiler/parser/TerminalToken;)V @ 8 c2
Event: 68.838 Thread 0x0000021d8bd49080 DEOPT PACKING pc=0x0000021d379f63f0 sp=0x00000047984fe030
Event: 68.838 Thread 0x0000021d8bd49080 DEOPT UNPACKING pc=0x0000021d36d63aa2 sp=0x00000047984fdfd8 mode 2

Classes loaded (20 events):
Event: 58.475 Loading class java/util/Vector$1
Event: 58.476 Loading class java/util/Vector$1 done
Event: 61.500 Loading class java/util/stream/ReferencePipeline$4
Event: 61.500 Loading class java/util/stream/ReferencePipeline$4 done
Event: 61.500 Loading class java/util/stream/Nodes$IntFixedNodeBuilder
Event: 61.581 Loading class java/util/stream/Node$Builder$OfInt
Event: 61.581 Loading class java/util/stream/Node$Builder$OfInt done
Event: 61.581 Loading class java/util/stream/Nodes$IntArrayNode
Event: 61.581 Loading class java/util/stream/Nodes$IntArrayNode done
Event: 61.582 Loading class java/util/stream/Nodes$IntFixedNodeBuilder done
Event: 61.582 Loading class java/util/stream/ReferencePipeline$4$1
Event: 61.582 Loading class java/util/stream/ReferencePipeline$4$1 done
Event: 64.543 Loading class java/util/Hashtable$ValueCollection
Event: 64.543 Loading class java/util/Hashtable$ValueCollection done
Event: 65.335 Loading class java/nio/charset/CharacterCodingException
Event: 65.335 Loading class java/nio/charset/CharacterCodingException done
Event: 65.335 Loading class java/io/SequenceInputStream
Event: 65.335 Loading class java/io/SequenceInputStream done
Event: 65.372 Loading class java/util/WeakHashMap$KeyIterator
Event: 65.372 Loading class java/util/WeakHashMap$KeyIterator done

Classes unloaded (8 events):
Event: 24.465 Thread 0x0000021d841103b0 Unloading class 0x0000021d441acc00 'java/lang/invoke/LambdaForm$MH+0x0000021d441acc00'
Event: 24.465 Thread 0x0000021d841103b0 Unloading class 0x0000021d441ac800 'java/lang/invoke/LambdaForm$MH+0x0000021d441ac800'
Event: 24.465 Thread 0x0000021d841103b0 Unloading class 0x0000021d441ac400 'java/lang/invoke/LambdaForm$MH+0x0000021d441ac400'
Event: 24.465 Thread 0x0000021d841103b0 Unloading class 0x0000021d441ac000 'java/lang/invoke/LambdaForm$MH+0x0000021d441ac000'
Event: 24.465 Thread 0x0000021d841103b0 Unloading class 0x0000021d441abc00 'java/lang/invoke/LambdaForm$BMH+0x0000021d441abc00'
Event: 24.465 Thread 0x0000021d841103b0 Unloading class 0x0000021d441ab800 'java/lang/invoke/LambdaForm$DMH+0x0000021d441ab800'
Event: 24.465 Thread 0x0000021d841103b0 Unloading class 0x0000021d441aa400 'java/lang/invoke/LambdaForm$DMH+0x0000021d441aa400'
Event: 63.181 Thread 0x0000021d841103b0 Unloading class 0x0000021d44639000 'java/lang/invoke/LambdaForm$DMH+0x0000021d44639000'

Classes redefined (0 events):
No events

Internal exceptions (20 events):
Event: 53.257 Thread 0x0000021d8bd46fb0 Exception <a 'sun/nio/fs/WindowsException'{0x00000000d6073dd8}> (0x00000000d6073dd8) 
thrown [s\src\hotspot\share\prims\jni.cpp, line 520]
Event: 53.258 Thread 0x0000021d8bd46fb0 Exception <a 'sun/nio/fs/WindowsException'{0x00000000d6074ac0}> (0x00000000d6074ac0) 
thrown [s\src\hotspot\share\prims\jni.cpp, line 520]
Event: 53.258 Thread 0x0000021d8bd46fb0 Exception <a 'sun/nio/fs/WindowsException'{0x00000000d60753a0}> (0x00000000d60753a0) 
thrown [s\src\hotspot\share\prims\jni.cpp, line 520]
Event: 53.259 Thread 0x0000021d8bd46fb0 Exception <a 'sun/nio/fs/WindowsException'{0x00000000d6076b18}> (0x00000000d6076b18) 
thrown [s\src\hotspot\share\prims\jni.cpp, line 520]
Event: 53.259 Thread 0x0000021d8bd46fb0 Exception <a 'sun/nio/fs/WindowsException'{0x00000000d60773f8}> (0x00000000d60773f8) 
thrown [s\src\hotspot\share\prims\jni.cpp, line 520]
Event: 53.266 Thread 0x0000021d8bd46fb0 Exception <a 'sun/nio/fs/WindowsException'{0x00000000d609c068}> (0x00000000d609c068) 
thrown [s\src\hotspot\share\prims\jni.cpp, line 520]
Event: 53.266 Thread 0x0000021d8bd46fb0 Exception <a 'sun/nio/fs/WindowsException'{0x00000000d609c948}> (0x00000000d609c948) 
thrown [s\src\hotspot\share\prims\jni.cpp, line 520]
Event: 53.739 Thread 0x0000021d89e96fa0 Implicit null exception at 0x0000021d378b08cb to 0x0000021d378b12a8
Event: 54.517 Thread 0x0000021d89e96fa0 Implicit null exception at 0x0000021d378ca45b to 0x0000021d378cd6f0
Event: 54.535 Thread 0x0000021d89e96fa0 Implicit null exception at 0x0000021d3788d5a8 to 0x0000021d3788de70
Event: 57.220 Thread 0x0000021d89e96fa0 Exception <a 'java/lang/NoSuchMethodError'{0x00000000d5ca2528}: 'java.lang.Object java.lang.invoke.DirectMethodHandle$Holder.invokeSpecial(java.lang.Object, java.lang.Object, int, long)'> (0x00000000d5ca2528) 
thrown [s\src\hotspot\share\interpreter\linkResolver.cpp, line 773]
Event: 57.618 Thread 0x0000021d89e96fa0 Exception <a 'java/lang/NoSuchMethodError'{0x00000000d5bec828}: 'java.lang.Object java.lang.invoke.DirectMethodHandle$Holder.invokeVirtual(java.lang.Object, java.lang.Object, int)'> (0x00000000d5bec828) 
thrown [s\src\hotspot\share\interpreter\linkResolver.cpp, line 773]
Event: 64.011 Thread 0x0000021d8bd49080 Exception <a 'java/lang/NoSuchMethodError'{0x00000000d5cfb8e0}: 'java.lang.Object java.lang.invoke.DirectMethodHandle$Holder.invokeStatic(java.lang.Object, java.lang.Object, int, int)'> (0x00000000d5cfb8e0) 
thrown [s\src\hotspot\share\interpreter\linkResolver.cpp, line 773]
Event: 64.013 Thread 0x0000021d8bd49080 Exception <a 'java/lang/NoSuchMethodError'{0x00000000d5d009e0}: 'java.lang.Object java.lang.invoke.DirectMethodHandle$Holder.invokeSpecial(java.lang.Object, java.lang.Object, java.lang.Object, int, int)'> (0x00000000d5d009e0) 
thrown [s\src\hotspot\share\interpreter\linkResolver.cpp, line 773]
Event: 64.967 Thread 0x0000021d89e96fa0 Exception <a 'java/lang/NoSuchMethodError'{0x00000000d55df890}: 'java.lang.Object java.lang.invoke.DirectMethodHandle$Holder.invokeStatic(java.lang.Object, java.lang.Object, int, java.lang.Object)'> (0x00000000d55df890) 
thrown [s\src\hotspot\share\interpreter\linkResolver.cpp, line 773]
Event: 64.968 Thread 0x0000021d89e96fa0 Exception <a 'java/lang/NoSuchMethodError'{0x00000000d55e5ec0}: 'java.lang.Object java.lang.invoke.DirectMethodHandle$Holder.newInvokeSpecial(java.lang.Object, java.lang.Object, int)'> (0x00000000d55e5ec0) 
thrown [s\src\hotspot\share\interpreter\linkResolver.cpp, line 773]
Event: 65.352 Thread 0x0000021d8bd49080 Exception <a 'java/io/FileNotFoundException'{0x00000000d5a3e868}> (0x00000000d5a3e868) 
thrown [s\src\hotspot\share\prims\jni.cpp, line 520]
Event: 65.352 Thread 0x0000021d8bd49080 Exception <a 'java/io/FileNotFoundException'{0x00000000d5a3fb68}> (0x00000000d5a3fb68) 
thrown [s\src\hotspot\share\prims\jni.cpp, line 520]
Event: 66.428 Thread 0x0000021d89e96fa0 Implicit null exception at 0x0000021d37851aa8 to 0x0000021d37851e38
Event: 66.435 Thread 0x0000021d89e96fa0 Implicit null exception at 0x0000021d3798fdc4 to 0x0000021d37990490

ZGC Phase Switch (0 events):
No events

VM Operations (20 events):
Event: 61.733 Executing safepoint VM operation: ParallelGCFailedAllocation (Allocation Failure)
Event: 61.735 Executing safepoint VM operation: ParallelGCFailedAllocation (Allocation Failure) done
Event: 61.872 Executing safepoint VM operation: ParallelGCFailedAllocation (Allocation Failure)
Event: 61.876 Executing safepoint VM operation: ParallelGCFailedAllocation (Allocation Failure) done
Event: 62.085 Executing safepoint VM operation: ParallelGCFailedAllocation (Allocation Failure)
Event: 62.087 Executing safepoint VM operation: ParallelGCFailedAllocation (Allocation Failure) done
Event: 63.087 Executing safepoint VM operation: CollectForMetadataAllocation (Metadata GC Threshold)
Event: 63.416 Executing safepoint VM operation: CollectForMetadataAllocation (Metadata GC Threshold) done
Event: 63.641 Executing non-safepoint VM operation: HandshakeAllThreads (Deoptimize)
Event: 63.678 Executing non-safepoint VM operation: HandshakeAllThreads (Deoptimize) done
Event: 64.003 Executing non-safepoint VM operation: HandshakeAllThreads (Deoptimize)
Event: 64.003 Executing non-safepoint VM operation: HandshakeAllThreads (Deoptimize) done
Event: 64.582 Executing safepoint VM operation: ParallelGCFailedAllocation (Allocation Failure)
Event: 64.583 Executing safepoint VM operation: ParallelGCFailedAllocation (Allocation Failure) done
Event: 65.597 Executing safepoint VM operation: Cleanup
Event: 65.601 Executing safepoint VM operation: Cleanup done
Event: 65.870 Executing safepoint VM operation: ParallelGCFailedAllocation (Allocation Failure)
Event: 65.873 Executing safepoint VM operation: ParallelGCFailedAllocation (Allocation Failure) done
Event: 67.334 Executing safepoint VM operation: ParallelGCFailedAllocation (Allocation Failure)
Event: 67.337 Executing safepoint VM operation: ParallelGCFailedAllocation (Allocation Failure) done

Memory protections (0 events):
No events

Nmethod flushes (20 events):
Event: 63.225 Thread 0x0000021d841103b0 flushing  nmethod 0x0000021d30153210
Event: 63.225 Thread 0x0000021d841103b0 flushing  nmethod 0x0000021d30153a90
Event: 63.225 Thread 0x0000021d841103b0 flushing  nmethod 0x0000021d30153e90
Event: 63.225 Thread 0x0000021d841103b0 flushing  nmethod 0x0000021d30154210
Event: 63.225 Thread 0x0000021d841103b0 flushing  nmethod 0x0000021d30154790
Event: 63.225 Thread 0x0000021d841103b0 flushing  nmethod 0x0000021d30154b90
Event: 63.225 Thread 0x0000021d841103b0 flushing  nmethod 0x0000021d30155690
Event: 63.225 Thread 0x0000021d841103b0 flushing  nmethod 0x0000021d30155c10
Event: 63.225 Thread 0x0000021d841103b0 flushing  nmethod 0x0000021d30158a10
Event: 63.225 Thread 0x0000021d841103b0 flushing  nmethod 0x0000021d3015a010
Event: 63.225 Thread 0x0000021d841103b0 flushing  nmethod 0x0000021d30161990
Event: 63.225 Thread 0x0000021d841103b0 flushing  nmethod 0x0000021d30163d90
Event: 63.225 Thread 0x0000021d841103b0 flushing  nmethod 0x0000021d30165310
Event: 63.225 Thread 0x0000021d841103b0 flushing  nmethod 0x0000021d3016dc90
Event: 63.225 Thread 0x0000021d841103b0 flushing  nmethod 0x0000021d30187b90
Event: 63.225 Thread 0x0000021d841103b0 flushing  nmethod 0x0000021d30188090
Event: 63.225 Thread 0x0000021d841103b0 flushing  nmethod 0x0000021d3018b590
Event: 63.225 Thread 0x0000021d841103b0 flushing  nmethod 0x0000021d301b3910
Event: 63.225 Thread 0x0000021d841103b0 flushing  nmethod 0x0000021d301b4a10
Event: 63.225 Thread 0x0000021d841103b0 flushing  nmethod 0x0000021d301b5010

Events (20 events):
Event: 48.805 Thread 0x0000021d8bd47640 Thread exited: 0x0000021d8bd47640
Event: 48.818 Thread 0x0000021d8bd43b30 Thread exited: 0x0000021d8bd43b30
Event: 48.819 Thread 0x0000021d8bd45c00 Thread exited: 0x0000021d8bd45c00
Event: 48.821 Thread 0x0000021d8bd434a0 Thread exited: 0x0000021d8bd434a0
Event: 48.821 Thread 0x0000021d8bd441c0 Thread exited: 0x0000021d8bd441c0
Event: 48.999 Thread 0x0000021d841a6b60 Thread added: 0x0000021d8c165590
Event: 49.394 Thread 0x0000021d8c165590 Thread exited: 0x0000021d8c165590
Event: 52.979 Thread 0x0000021d841a6b60 Thread added: 0x0000021d8a40f3c0
Event: 54.532 Thread 0x0000021d8a40f3c0 Thread exited: 0x0000021d8a40f3c0
Event: 55.637 Thread 0x0000021d84133d70 Thread added: 0x0000021d8b28a2f0
Event: 55.939 Thread 0x0000021d8b28a2f0 Thread exited: 0x0000021d8b28a2f0
Event: 57.307 Thread 0x0000021d841a6b60 Thread added: 0x0000021d8d1cc360
Event: 57.501 Thread 0x0000021d8d1cc360 Thread exited: 0x0000021d8d1cc360
Event: 57.610 Thread 0x0000021d841a6b60 Thread added: 0x0000021d8b28ea40
Event: 58.191 Thread 0x0000021d8b28ea40 Thread exited: 0x0000021d8b28ea40
Event: 61.763 Thread 0x0000021d841a6b60 Thread added: 0x0000021d8b19d740
Event: 63.622 Thread 0x0000021d8b19d740 Thread exited: 0x0000021d8b19d740
Event: 65.453 Thread 0x0000021d841a6b60 Thread added: 0x0000021d8baede50
Event: 66.060 Thread 0x0000021d8baede50 Thread exited: 0x0000021d8baede50
Event: 66.219 Thread 0x0000021d841a6b60 Thread added: 0x0000021d8d120370


Dynamic libraries:
0x00007ff76bd30000 - 0x00007ff76bd3e000 	c:\Users\USER\.antigravity\extensions\redhat.java-1.54.0-win32-x64\jre\21.0.10-win32-x86_64\bin\java.exe
0x00007ffb2e5f0000 - 0x00007ffb2e7e8000 	C:\Windows\SYSTEM32\ntdll.dll
0x00007ffb2c970000 - 0x00007ffb2ca32000 	C:\Windows\System32\KERNEL32.DLL
0x00007ffb2c170000 - 0x00007ffb2c466000 	C:\Windows\System32\KERNELBASE.dll
0x00007ffb2bf30000 - 0x00007ffb2c030000 	C:\Windows\System32\ucrtbase.dll
0x00007ffb1b260000 - 0x00007ffb1b278000 	c:\Users\USER\.antigravity\extensions\redhat.java-1.54.0-win32-x64\jre\21.0.10-win32-x86_64\bin\jli.dll
0x00007ffb2c610000 - 0x00007ffb2c7b1000 	C:\Windows\System32\USER32.dll
0x00007ffb2bde0000 - 0x00007ffb2be02000 	C:\Windows\System32\win32u.dll
0x00007ffb2c890000 - 0x00007ffb2c8bb000 	C:\Windows\System32\GDI32.dll
0x00007ffb2be10000 - 0x00007ffb2bf29000 	C:\Windows\System32\gdi32full.dll
0x00007ffb2c570000 - 0x00007ffb2c60d000 	C:\Windows\System32\msvcp_win.dll
0x00007ffb1b240000 - 0x00007ffb1b25e000 	c:\Users\USER\.antigravity\extensions\redhat.java-1.54.0-win32-x64\jre\21.0.10-win32-x86_64\bin\VCRUNTIME140.dll
0x00007ffb1ddd0000 - 0x00007ffb1e06b000 	C:\Windows\WinSxS\amd64_microsoft.windows.common-controls_6595b64144ccf1df_6.0.19041.6456_none_60b8a6cb71f64256\COMCTL32.dll
0x00007ffb2db90000 - 0x00007ffb2dc2e000 	C:\Windows\System32\msvcrt.dll
0x00007ffb2df90000 - 0x00007ffb2dfbf000 	C:\Windows\System32\IMM32.DLL
0x00007ffb1c840000 - 0x00007ffb1c84c000 	c:\Users\USER\.antigravity\extensions\redhat.java-1.54.0-win32-x64\jre\21.0.10-win32-x86_64\bin\vcruntime140_1.dll
0x00007ffb16d30000 - 0x00007ffb16dbd000 	c:\Users\USER\.antigravity\extensions\redhat.java-1.54.0-win32-x64\jre\21.0.10-win32-x86_64\bin\msvcp140.dll
0x00007ffaab8f0000 - 0x00007ffaac691000 	c:\Users\USER\.antigravity\extensions\redhat.java-1.54.0-win32-x64\jre\21.0.10-win32-x86_64\bin\server\jvm.dll
0x00007ffb2c7d0000 - 0x00007ffb2c881000 	C:\Windows\System32\ADVAPI32.dll
0x00007ffb2cb10000 - 0x00007ffb2cbaf000 	C:\Windows\System32\sechost.dll
0x00007ffb2ce60000 - 0x00007ffb2cf80000 	C:\Windows\System32\RPCRT4.dll
0x00007ffb2c540000 - 0x00007ffb2c567000 	C:\Windows\System32\bcrypt.dll
0x00007ffb2e070000 - 0x00007ffb2e0db000 	C:\Windows\System32\WS2_32.dll
0x00007ffb2b1c0000 - 0x00007ffb2b20b000 	C:\Windows\SYSTEM32\POWRPROF.dll
0x00007ffb1ef10000 - 0x00007ffb1ef37000 	C:\Windows\SYSTEM32\WINMM.dll
0x00007ffb22b40000 - 0x00007ffb22b4a000 	C:\Windows\SYSTEM32\VERSION.dll
0x00007ffb2b080000 - 0x00007ffb2b092000 	C:\Windows\SYSTEM32\UMPDC.dll
0x00007ffb2a4e0000 - 0x00007ffb2a4f2000 	C:\Windows\SYSTEM32\kernel.appcore.dll
0x00007ffb1c200000 - 0x00007ffb1c20a000 	c:\Users\USER\.antigravity\extensions\redhat.java-1.54.0-win32-x64\jre\21.0.10-win32-x86_64\bin\jimage.dll
0x00007ffb1c2c0000 - 0x00007ffb1c4c1000 	C:\Windows\SYSTEM32\DBGHELP.DLL
0x00007ffb172a0000 - 0x00007ffb172d4000 	C:\Windows\SYSTEM32\dbgcore.DLL
0x00007ffb2c030000 - 0x00007ffb2c0b2000 	C:\Windows\System32\bcryptPrimitives.dll
0x00007ffb1b230000 - 0x00007ffb1b23f000 	c:\Users\USER\.antigravity\extensions\redhat.java-1.54.0-win32-x64\jre\21.0.10-win32-x86_64\bin\instrument.dll
0x00007ffb16d10000 - 0x00007ffb16d30000 	c:\Users\USER\.antigravity\extensions\redhat.java-1.54.0-win32-x64\jre\21.0.10-win32-x86_64\bin\java.dll
0x00007ffb2d0f0000 - 0x00007ffb2d860000 	C:\Windows\System32\SHELL32.dll
0x00007ffb29740000 - 0x00007ffb29ee5000 	C:\Windows\SYSTEM32\windows.storage.dll
0x00007ffb2dc30000 - 0x00007ffb2df84000 	C:\Windows\System32\combase.dll
0x00007ffb2b6b0000 - 0x00007ffb2b6db000 	C:\Windows\SYSTEM32\Wldp.dll
0x00007ffb2d870000 - 0x00007ffb2d93d000 	C:\Windows\System32\OLEAUT32.dll
0x00007ffb2dfc0000 - 0x00007ffb2e06d000 	C:\Windows\System32\SHCORE.dll
0x00007ffb2cbb0000 - 0x00007ffb2cc0b000 	C:\Windows\System32\shlwapi.dll
0x00007ffb2bbb0000 - 0x00007ffb2bbd4000 	C:\Windows\SYSTEM32\profapi.dll
0x00007ffb16cf0000 - 0x00007ffb16d08000 	c:\Users\USER\.antigravity\extensions\redhat.java-1.54.0-win32-x64\jre\21.0.10-win32-x86_64\bin\zip.dll
0x00007ffb1aec0000 - 0x00007ffb1aed0000 	C:\Users\USER\.antigravity\extensions\redhat.java-1.54.0-win32-x64\jre\21.0.10-win32-x86_64\bin\net.dll
0x00007ffb21c50000 - 0x00007ffb21d5a000 	C:\Windows\SYSTEM32\WINHTTP.dll
0x00007ffb2b410000 - 0x00007ffb2b47a000 	C:\Windows\system32\mswsock.dll
0x00007ffb0a5b0000 - 0x00007ffb0a5c6000 	C:\Users\USER\.antigravity\extensions\redhat.java-1.54.0-win32-x64\jre\21.0.10-win32-x86_64\bin\nio.dll
0x00007ffb19880000 - 0x00007ffb19890000 	c:\Users\USER\.antigravity\extensions\redhat.java-1.54.0-win32-x64\jre\21.0.10-win32-x86_64\bin\verify.dll
0x00007ffadd450000 - 0x00007ffadd495000 	C:\Users\USER\AppData\Roaming\Antigravity\User\globalStorage\redhat.java\1.54.0\config_win\org.eclipse.equinox.launcher\org.eclipse.equinox.launcher.win32.win32.x86_64_1.3.0.v20260203-2149\eclipse_11919.dll
0x00007ffb2cc10000 - 0x00007ffb2cd3b000 	C:\Windows\System32\ole32.dll
0x00007ffb2b610000 - 0x00007ffb2b628000 	C:\Windows\SYSTEM32\CRYPTSP.dll
0x00007ffb2acc0000 - 0x00007ffb2acf8000 	C:\Windows\system32\rsaenh.dll
0x00007ffb2bb70000 - 0x00007ffb2bb9e000 	C:\Windows\SYSTEM32\USERENV.dll
0x00007ffb2b600000 - 0x00007ffb2b60c000 	C:\Windows\SYSTEM32\CRYPTBASE.dll
0x00007ffb2b0a0000 - 0x00007ffb2b0db000 	C:\Windows\SYSTEM32\IPHLPAPI.DLL
0x00007ffb2ca40000 - 0x00007ffb2ca48000 	C:\Windows\System32\NSI.dll
0x00007ffb1af50000 - 0x00007ffb1af99000 	C:\Users\USER\AppData\Local\Temp\jna-2614219\jna7012464159243149797.dll
0x00007ffb2c7c0000 - 0x00007ffb2c7c8000 	C:\Windows\System32\PSAPI.DLL
0x00007ffb22010000 - 0x00007ffb22027000 	C:\Windows\SYSTEM32\dhcpcsvc6.DLL
0x00007ffb23bd0000 - 0x00007ffb23bed000 	C:\Windows\SYSTEM32\dhcpcsvc.DLL

JVMTI agents:
c:\Users\USER\.antigravity\extensions\redhat.java-1.54.0-win32-x64\lombok\lombok-1.18.39-4050.jar path:c:\Users\USER\.antigravity\extensions\redhat.java-1.54.0-win32-x64\jre\21.0.10-win32-x86_64\bin\instrument.dll, loaded, initialized, instrumentlib options:none

dbghelp: loaded successfully - version: 4.0.5 - missing functions: none
symbol engine: initialized successfully - sym options: 0x614 - pdb path: .;c:\Users\USER\.antigravity\extensions\redhat.java-1.54.0-win32-x64\jre\21.0.10-win32-x86_64\bin;C:\Windows\SYSTEM32;C:\Windows\WinSxS\amd64_microsoft.windows.common-controls_6595b64144ccf1df_6.0.19041.6456_none_60b8a6cb71f64256;c:\Users\USER\.antigravity\extensions\redhat.java-1.54.0-win32-x64\jre\21.0.10-win32-x86_64\bin\server;C:\Users\USER\AppData\Roaming\Antigravity\User\globalStorage\redhat.java\1.54.0\config_win\org.eclipse.equinox.launcher\org.eclipse.equinox.launcher.win32.win32.x86_64_1.3.0.v20260203-2149;C:\Users\USER\AppData\Local\Temp\jna-2614219

VM Arguments:
jvm_args: --add-modules=ALL-SYSTEM --add-opens=java.base/java.util=ALL-UNNAMED --add-opens=java.base/java.lang=ALL-UNNAMED --add-opens=java.base/sun.nio.fs=ALL-UNNAMED -Declipse.application=org.eclipse.jdt.ls.core.id1 -Dosgi.bundles.defaultStartLevel=4 -Declipse.product=org.eclipse.jdt.ls.core.product -Djava.import.generatesMetadataFilesAtProjectRoot=false -DDetectVMInstallationsJob.disabled=true -Dfile.encoding=utf8 -XX:+UseParallelGC -XX:GCTimeRatio=4 -XX:AdaptiveSizePolicyWeight=90 -Dsun.zip.disableMemoryMapping=true -Xmx2G -Xms100m -Xlog:disable -javaagent:c:\Users\USER\.antigravity\extensions\redhat.java-1.54.0-win32-x64\lombok\lombok-1.18.39-4050.jar -XX:+HeapDumpOnOutOfMemoryError -XX:HeapDumpPath=c:\Users\USER\AppData\Roaming\Antigravity\User\workspaceStorage\d5053152a94c29e380174e00d330731b\redhat.java -Daether.dependencyCollector.impl=bf 
java_command: c:\Users\USER\.antigravity\extensions\redhat.java-1.54.0-win32-x64\server\plugins\org.eclipse.equinox.launcher_1.7.100.v20251111-0406.jar -configuration c:\Users\USER\AppData\Roaming\Antigravity\User\globalStorage\redhat.java\1.54.0\config_win -data c:\Users\USER\AppData\Roaming\Antigravity\User\workspaceStorage\d5053152a94c29e380174e00d330731b\redhat.java\jdt_ws --pipe=\\.\pipe\lsp-d65c33799e2af8cd8a1d6515b1357046-sock
java_class_path (initial): c:\Users\USER\.antigravity\extensions\redhat.java-1.54.0-win32-x64\server\plugins\org.eclipse.equinox.launcher_1.7.100.v20251111-0406.jar
Launcher Type: SUN_STANDARD

[Global flags]
    uintx AdaptiveSizePolicyWeight                 = 90                                        {product} {command line}
     intx CICompilerCount                          = 3                                         {product} {ergonomic}
    uintx GCTimeRatio                              = 4                                         {product} {command line}
     bool HeapDumpOnOutOfMemoryError               = true                                   {manageable} {command line}
    ccstr HeapDumpPath                             = c:\Users\USER\AppData\Roaming\Antigravity\User\workspaceStorage\d5053152a94c29e380174e00d330731b\redhat.java         {manageable} {command line}
   size_t InitialHeapSize                          = 104857600                                 {product} {command line}
   size_t MaxHeapSize                              = 2147483648                                {product} {command line}
   size_t MaxNewSize                               = 715653120                                 {product} {ergonomic}
   size_t MinHeapDeltaBytes                        = 524288                                    {product} {ergonomic}
   size_t MinHeapSize                              = 104857600                                 {product} {command line}
   size_t NewSize                                  = 34603008                                  {product} {ergonomic}
    uintx NonNMethodCodeHeapSize                   = 5832780                                {pd product} {ergonomic}
    uintx NonProfiledCodeHeapSize                  = 122912730                              {pd product} {ergonomic}
   size_t OldSize                                  = 70254592                                  {product} {ergonomic}
    uintx ProfiledCodeHeapSize                     = 122912730                              {pd product} {ergonomic}
    uintx ReservedCodeCacheSize                    = 251658240                              {pd product} {ergonomic}
     bool SegmentedCodeCache                       = true                                      {product} {ergonomic}
   size_t SoftMaxHeapSize                          = 2147483648                             {manageable} {ergonomic}
     bool UseCompressedOops                        = true                           {product lp64_product} {ergonomic}
     bool UseLargePagesIndividualAllocation        = false                                  {pd product} {ergonomic}
     bool UseParallelGC                            = true                                      {product} {command line}

Logging:
Log output configuration:
 #0: stdout all=off uptime,level,tags foldmultilines=false
 #1: stderr all=off uptime,level,tags foldmultilines=false

Release file:
JAVA_VERSION="21.0.10" 
MODULES="java.base java.compiler java.datatransfer java.xml java.prefs java.desktop java.instrument java.logging java.management java.security.sasl java.naming java.rmi java.management.rmi java.net.http java.scripting java.security.jgss java.transaction.xa java.sql java.sql.rowset java.xml.crypto java.se java.smartcardio jdk.accessibility jdk.internal.jvmstat jdk.attach jdk.charsets jdk.internal.opt jdk.zipfs jdk.compiler jdk.crypto.ec jdk.crypto.cryptoki jdk.crypto.mscapi jdk.dynalink jdk.internal.ed jdk.editpad jdk.hotspot.agent jdk.httpserver jdk.internal.le jdk.internal.vm.ci jdk.internal.vm.compiler jdk.internal.vm.compiler.management jdk.jartool jdk.javadoc jdk.jcmd jdk.management jdk.management.agent jdk.jconsole jdk.jdeps jdk.jdwp.agent jdk.jdi jdk.jfr jdk.jshell jdk.jsobject jdk.jstatd jdk.localedata jdk.management.jfr jdk.naming.dns jdk.naming.rmi jdk.net jdk.nio.mapmode jdk.random jdk.sctp jdk.security.auth jdk.security.jgss jdk.unsupported jdk.unsupported.desktop jdk.xml.dom" 

Environment Variables:
JAVA_HOME=C:\Program Files\Java\jdk-17
PATH=C:\Python314\Scripts\;C:\Python314\;C:\Program Files\Common Files\Oracle\Java\javapath;C:\Program Files (x86)\Common Files\Oracle\Java\javapath;C:\Program Files\Java\jdk-17\bin;C:\Users\USER\Documents\WINDOWS.X64_193000_db_home\bin;C:\Users\USER\Documents\oracle\bin;D:\yoo\WINDOWS.X64_213000_db_home\bin;C:\Users\USER\Downloads\WINDOWS.X64_213000_db_home\bin;C:\oraclexe\app\oracle\product\11.2.0\server\bin;C:\Windows\system32;C:\Windows;C:\Windows\System32\Wbem;C:\Windows\System32\WindowsPowerShell\v1.0\;C:\Windows\System32\OpenSSH\;C:\xampp\php;C:\Program Files (x86)\Microsoft SQL Server\160\Tools\Binn\;C:\Program Files\Microsoft SQL Server\160\Tools\Binn\;C:\Program Files\Microsoft SQL Server\Client SDK\ODBC\170\Tools\Binn\;C:\Program Files\Microsoft SQL Server\160\DTS\Binn\;C:\Program Files\Microsoft SQL Server\150\Tools\Binn\;D:\apache-maven-3.9.11-bin\apache-maven-3.9.11\bin;D:\yoo\nodejs\;C:\ProgramData\chocolatey\bin;D:\yoo\php-8.5.0-Win32-vs17-x64;D:\yoo\Git\cmd;C:\Users\USER\AppData\Local\Programs\Python\Python313\Scripts\;C:\Users\USER\AppData\Local\Programs\Python\Python313\;C:\Users\USER\AppData\Local\Programs\Python\Launcher\;C:\Program Files\Java\jdk-17\bin;C:\Users\USER\AppData\Roaming\npm;D:\yoo\Antigravity\bin;D:\Microsoft VS Code\bin
USERNAME=USER
OS=Windows_NT
PROCESSOR_IDENTIFIER=Intel64 Family 6 Model 61 Stepping 4, GenuineIntel
TMP=C:\Users\USER\AppData\Local\Temp
TEMP=C:\Users\USER\AppData\Local\Temp




Periodic native trim disabled

---------------  S Y S T E M  ---------------

OS:
 Windows 10 , 64 bit Build 19041 (10.0.19041.5915)
OS uptime: 0 days 4:47 hours

CPU: total 4 (initial active 4) (2 cores per cpu, 2 threads per core) family 6 model 61 stepping 4 microcode 0x2d, cx8, cmov, fxsr, ht, mmx, 3dnowpref, sse, sse2, sse3, ssse3, sse4.1, sse4.2, popcnt, lzcnt, tsc, tscinvbit, avx, avx2, aes, erms, clmul, bmi1, bmi2, rtm, adx, fma, vzeroupper, clflush, rdtscp, f16c
Processor Information for the first 4 processors :
  Max Mhz: 2601, Current Mhz: 2601, Mhz Limit: 2601

Memory: 4k page, system-wide physical 8067M (519M free)
TotalPageFile size 14159M (AvailPageFile size 2M)
current process WorkingSet (physical memory assigned to process): 410M, peak: 410M
current process commit charge ("private bytes"): 474M, peak: 475M

vm_info: OpenJDK 64-Bit Server VM (21.0.10+7-LTS) for windows-amd64 JRE (21.0.10+7-LTS), built on 2026-01-20T00:00:00Z by "admin" with MS VC++ 17.12 (VS2022)

END.
